<?xml version="1.0" encoding="UTF-8"?>
<testsuite xmlns:xsi="http://www.w3.org/2001/XMLSchema-instance" xsi:noNamespaceSchemaLocation="https://maven.apache.org/surefire/maven-surefire-plugin/xsd/surefire-test-report-3.0.xsd" version="3.0" name="com.app.service.CarsServiceTest" time="1.949" tests="14" errors="0" skipped="0" failures="0">
  <properties>
    <property name="java.specification.version" value="16"/>
    <property name="sun.cpu.isalist" value="amd64"/>
    <property name="sun.jnu.encoding" value="Cp1250"/>
    <property name="java.class.path" value="C:\KMPROGRAMS\PRAKTYKA\multimodule-cars-app\ui\target\test-classes;C:\KMPROGRAMS\PRAKTYKA\multimodule-cars-app\ui\target\classes;C:\KMPROGRAMS\PRAKTYKA\multimodule-cars-app\service\target\service.jar;C:\KMPROGRAMS\PRAKTYKA\multimodule-cars-app\domain\target\domain.jar;C:\Users\Dell\.m2\repository\org\projectlombok\lombok\1.18.20\lombok-1.18.20.jar;C:\Users\Dell\.m2\repository\com\google\code\gson\gson\2.8.6\gson-2.8.6.jar;C:\Users\Dell\.m2\repository\com\sparkjava\spark-core\2.9.2\spark-core-2.9.2.jar;C:\Users\Dell\.m2\repository\org\slf4j\slf4j-api\1.7.25\slf4j-api-1.7.25.jar;C:\Users\Dell\.m2\repository\org\eclipse\jetty\jetty-server\9.4.30.v20200611\jetty-server-9.4.30.v20200611.jar;C:\Users\Dell\.m2\repository\javax\servlet\javax.servlet-api\3.1.0\javax.servlet-api-3.1.0.jar;C:\Users\Dell\.m2\repository\org\eclipse\jetty\jetty-http\9.4.30.v20200611\jetty-http-9.4.30.v20200611.jar;C:\Users\Dell\.m2\repository\org\eclipse\jetty\jetty-util\9.4.30.v20200611\jetty-util-9.4.30.v20200611.jar;C:\Users\Dell\.m2\repository\org\eclipse\jetty\jetty-io\9.4.30.v20200611\jetty-io-9.4.30.v20200611.jar;C:\Users\Dell\.m2\repository\org\eclipse\jetty\jetty-webapp\9.4.30.v20200611\jetty-webapp-9.4.30.v20200611.jar;C:\Users\Dell\.m2\repository\org\eclipse\jetty\jetty-xml\9.4.30.v20200611\jetty-xml-9.4.30.v20200611.jar;C:\Users\Dell\.m2\repository\org\eclipse\jetty\jetty-servlet\9.4.30.v20200611\jetty-servlet-9.4.30.v20200611.jar;C:\Users\Dell\.m2\repository\org\eclipse\jetty\jetty-security\9.4.30.v20200611\jetty-security-9.4.30.v20200611.jar;C:\Users\Dell\.m2\repository\org\eclipse\jetty\websocket\websocket-server\9.4.30.v20200611\websocket-server-9.4.30.v20200611.jar;C:\Users\Dell\.m2\repository\org\eclipse\jetty\websocket\websocket-common\9.4.30.v20200611\websocket-common-9.4.30.v20200611.jar;C:\Users\Dell\.m2\repository\org\eclipse\jetty\websocket\websocket-client\9.4.30.v20200611\websocket-client-9.4.30.v20200611.jar;C:\Users\Dell\.m2\repository\org\eclipse\jetty\jetty-client\9.4.30.v20200611\jetty-client-9.4.30.v20200611.jar;C:\Users\Dell\.m2\repository\org\eclipse\jetty\websocket\websocket-servlet\9.4.30.v20200611\websocket-servlet-9.4.30.v20200611.jar;C:\Users\Dell\.m2\repository\org\eclipse\jetty\websocket\websocket-api\9.4.30.v20200611\websocket-api-9.4.30.v20200611.jar;C:\Users\Dell\.m2\repository\org\slf4j\slf4j-simple\1.7.30\slf4j-simple-1.7.30.jar;C:\Users\Dell\.m2\repository\org\springframework\spring-core\5.3.4\spring-core-5.3.4.jar;C:\Users\Dell\.m2\repository\org\springframework\spring-jcl\5.3.4\spring-jcl-5.3.4.jar;C:\Users\Dell\.m2\repository\org\springframework\spring-context\5.3.4\spring-context-5.3.4.jar;C:\Users\Dell\.m2\repository\org\springframework\spring-aop\5.3.4\spring-aop-5.3.4.jar;C:\Users\Dell\.m2\repository\org\springframework\spring-beans\5.3.4\spring-beans-5.3.4.jar;C:\Users\Dell\.m2\repository\org\springframework\spring-expression\5.3.4\spring-expression-5.3.4.jar;C:\Users\Dell\.m2\repository\javax\annotation\javax.annotation-api\1.3.2\javax.annotation-api-1.3.2.jar;C:\Users\Dell\.m2\repository\org\junit\platform\junit-platform-engine\1.7.0\junit-platform-engine-1.7.0.jar;C:\Users\Dell\.m2\repository\org\apiguardian\apiguardian-api\1.1.0\apiguardian-api-1.1.0.jar;C:\Users\Dell\.m2\repository\org\opentest4j\opentest4j\1.2.0\opentest4j-1.2.0.jar;C:\Users\Dell\.m2\repository\org\junit\platform\junit-platform-commons\1.7.0\junit-platform-commons-1.7.0.jar;C:\Users\Dell\.m2\repository\org\junit\platform\junit-platform-launcher\1.7.0\junit-platform-launcher-1.7.0.jar;C:\Users\Dell\.m2\repository\org\junit\jupiter\junit-jupiter-engine\5.7.0\junit-jupiter-engine-5.7.0.jar;C:\Users\Dell\.m2\repository\org\junit\jupiter\junit-jupiter-api\5.7.0\junit-jupiter-api-5.7.0.jar;C:\Users\Dell\.m2\repository\org\junit\vintage\junit-vintage-engine\5.7.1\junit-vintage-engine-5.7.1.jar;C:\Users\Dell\.m2\repository\junit\junit\4.13\junit-4.13.jar;C:\Users\Dell\.m2\repository\org\hamcrest\hamcrest-core\1.3\hamcrest-core-1.3.jar;C:\Users\Dell\.m2\repository\org\junit\jupiter\junit-jupiter-params\5.7.0\junit-jupiter-params-5.7.0.jar;C:\Users\Dell\.m2\repository\org\mockito\mockito-core\3.6.0\mockito-core-3.6.0.jar;C:\Users\Dell\.m2\repository\net\bytebuddy\byte-buddy\1.10.15\byte-buddy-1.10.15.jar;C:\Users\Dell\.m2\repository\net\bytebuddy\byte-buddy-agent\1.10.15\byte-buddy-agent-1.10.15.jar;C:\Users\Dell\.m2\repository\org\objenesis\objenesis\3.1\objenesis-3.1.jar;C:\Users\Dell\.m2\repository\org\mockito\mockito-junit-jupiter\3.6.0\mockito-junit-jupiter-3.6.0.jar;C:\Users\Dell\.m2\repository\org\assertj\assertj-core\3.19.0\assertj-core-3.19.0.jar;"/>
    <property name="java.vm.vendor" value="Oracle Corporation"/>
    <property name="sun.arch.data.model" value="64"/>
    <property name="user.variant" value=""/>
    <property name="java.vendor.url" value="https://java.oracle.com/"/>
    <property name="user.timezone" value="Europe/Warsaw"/>
    <property name="os.name" value="Windows 10"/>
    <property name="java.vm.specification.version" value="16"/>
    <property name="sun.java.launcher" value="SUN_STANDARD"/>
    <property name="user.country" value="PL"/>
    <property name="sun.boot.library.path" value="C:\jdk16\bin"/>
    <property name="sun.java.command" value="C:\Users\Dell\AppData\Local\Temp\surefire13794676762247271747\surefirebooter14319397148503011889.jar C:\Users\Dell\AppData\Local\Temp\surefire13794676762247271747 2021-06-17T14-01-06_514-jvmRun1 surefire9588179955311394578tmp surefire_010538020808872330779tmp"/>
    <property name="jdk.debug" value="release"/>
    <property name="surefire.test.class.path" value="C:\KMPROGRAMS\PRAKTYKA\multimodule-cars-app\ui\target\test-classes;C:\KMPROGRAMS\PRAKTYKA\multimodule-cars-app\ui\target\classes;C:\KMPROGRAMS\PRAKTYKA\multimodule-cars-app\service\target\service.jar;C:\KMPROGRAMS\PRAKTYKA\multimodule-cars-app\domain\target\domain.jar;C:\Users\Dell\.m2\repository\org\projectlombok\lombok\1.18.20\lombok-1.18.20.jar;C:\Users\Dell\.m2\repository\com\google\code\gson\gson\2.8.6\gson-2.8.6.jar;C:\Users\Dell\.m2\repository\com\sparkjava\spark-core\2.9.2\spark-core-2.9.2.jar;C:\Users\Dell\.m2\repository\org\slf4j\slf4j-api\1.7.25\slf4j-api-1.7.25.jar;C:\Users\Dell\.m2\repository\org\eclipse\jetty\jetty-server\9.4.30.v20200611\jetty-server-9.4.30.v20200611.jar;C:\Users\Dell\.m2\repository\javax\servlet\javax.servlet-api\3.1.0\javax.servlet-api-3.1.0.jar;C:\Users\Dell\.m2\repository\org\eclipse\jetty\jetty-http\9.4.30.v20200611\jetty-http-9.4.30.v20200611.jar;C:\Users\Dell\.m2\repository\org\eclipse\jetty\jetty-util\9.4.30.v20200611\jetty-util-9.4.30.v20200611.jar;C:\Users\Dell\.m2\repository\org\eclipse\jetty\jetty-io\9.4.30.v20200611\jetty-io-9.4.30.v20200611.jar;C:\Users\Dell\.m2\repository\org\eclipse\jetty\jetty-webapp\9.4.30.v20200611\jetty-webapp-9.4.30.v20200611.jar;C:\Users\Dell\.m2\repository\org\eclipse\jetty\jetty-xml\9.4.30.v20200611\jetty-xml-9.4.30.v20200611.jar;C:\Users\Dell\.m2\repository\org\eclipse\jetty\jetty-servlet\9.4.30.v20200611\jetty-servlet-9.4.30.v20200611.jar;C:\Users\Dell\.m2\repository\org\eclipse\jetty\jetty-security\9.4.30.v20200611\jetty-security-9.4.30.v20200611.jar;C:\Users\Dell\.m2\repository\org\eclipse\jetty\websocket\websocket-server\9.4.30.v20200611\websocket-server-9.4.30.v20200611.jar;C:\Users\Dell\.m2\repository\org\eclipse\jetty\websocket\websocket-common\9.4.30.v20200611\websocket-common-9.4.30.v20200611.jar;C:\Users\Dell\.m2\repository\org\eclipse\jetty\websocket\websocket-client\9.4.30.v20200611\websocket-client-9.4.30.v20200611.jar;C:\Users\Dell\.m2\repository\org\eclipse\jetty\jetty-client\9.4.30.v20200611\jetty-client-9.4.30.v20200611.jar;C:\Users\Dell\.m2\repository\org\eclipse\jetty\websocket\websocket-servlet\9.4.30.v20200611\websocket-servlet-9.4.30.v20200611.jar;C:\Users\Dell\.m2\repository\org\eclipse\jetty\websocket\websocket-api\9.4.30.v20200611\websocket-api-9.4.30.v20200611.jar;C:\Users\Dell\.m2\repository\org\slf4j\slf4j-simple\1.7.30\slf4j-simple-1.7.30.jar;C:\Users\Dell\.m2\repository\org\springframework\spring-core\5.3.4\spring-core-5.3.4.jar;C:\Users\Dell\.m2\repository\org\springframework\spring-jcl\5.3.4\spring-jcl-5.3.4.jar;C:\Users\Dell\.m2\repository\org\springframework\spring-context\5.3.4\spring-context-5.3.4.jar;C:\Users\Dell\.m2\repository\org\springframework\spring-aop\5.3.4\spring-aop-5.3.4.jar;C:\Users\Dell\.m2\repository\org\springframework\spring-beans\5.3.4\spring-beans-5.3.4.jar;C:\Users\Dell\.m2\repository\org\springframework\spring-expression\5.3.4\spring-expression-5.3.4.jar;C:\Users\Dell\.m2\repository\javax\annotation\javax.annotation-api\1.3.2\javax.annotation-api-1.3.2.jar;C:\Users\Dell\.m2\repository\org\junit\platform\junit-platform-engine\1.7.0\junit-platform-engine-1.7.0.jar;C:\Users\Dell\.m2\repository\org\apiguardian\apiguardian-api\1.1.0\apiguardian-api-1.1.0.jar;C:\Users\Dell\.m2\repository\org\opentest4j\opentest4j\1.2.0\opentest4j-1.2.0.jar;C:\Users\Dell\.m2\repository\org\junit\platform\junit-platform-commons\1.7.0\junit-platform-commons-1.7.0.jar;C:\Users\Dell\.m2\repository\org\junit\platform\junit-platform-launcher\1.7.0\junit-platform-launcher-1.7.0.jar;C:\Users\Dell\.m2\repository\org\junit\jupiter\junit-jupiter-engine\5.7.0\junit-jupiter-engine-5.7.0.jar;C:\Users\Dell\.m2\repository\org\junit\jupiter\junit-jupiter-api\5.7.0\junit-jupiter-api-5.7.0.jar;C:\Users\Dell\.m2\repository\org\junit\vintage\junit-vintage-engine\5.7.1\junit-vintage-engine-5.7.1.jar;C:\Users\Dell\.m2\repository\junit\junit\4.13\junit-4.13.jar;C:\Users\Dell\.m2\repository\org\hamcrest\hamcrest-core\1.3\hamcrest-core-1.3.jar;C:\Users\Dell\.m2\repository\org\junit\jupiter\junit-jupiter-params\5.7.0\junit-jupiter-params-5.7.0.jar;C:\Users\Dell\.m2\repository\org\mockito\mockito-core\3.6.0\mockito-core-3.6.0.jar;C:\Users\Dell\.m2\repository\net\bytebuddy\byte-buddy\1.10.15\byte-buddy-1.10.15.jar;C:\Users\Dell\.m2\repository\net\bytebuddy\byte-buddy-agent\1.10.15\byte-buddy-agent-1.10.15.jar;C:\Users\Dell\.m2\repository\org\objenesis\objenesis\3.1\objenesis-3.1.jar;C:\Users\Dell\.m2\repository\org\mockito\mockito-junit-jupiter\3.6.0\mockito-junit-jupiter-3.6.0.jar;C:\Users\Dell\.m2\repository\org\assertj\assertj-core\3.19.0\assertj-core-3.19.0.jar;"/>
    <property name="sun.cpu.endian" value="little"/>
    <property name="user.home" value="C:\Users\Dell"/>
    <property name="user.language" value="pl"/>
    <property name="java.specification.vendor" value="Oracle Corporation"/>
    <property name="java.version.date" value="2021-03-16"/>
    <property name="java.home" value="C:\jdk16"/>
    <property name="file.separator" value="\"/>
    <property name="basedir" value="C:\KMPROGRAMS\PRAKTYKA\multimodule-cars-app\ui"/>
    <property name="java.vm.compressedOopsMode" value="32-bit"/>
    <property name="line.separator" value="&#10;"/>
    <property name="java.vm.specification.vendor" value="Oracle Corporation"/>
    <property name="java.specification.name" value="Java Platform API Specification"/>
    <property name="surefire.real.class.path" value="C:\Users\Dell\AppData\Local\Temp\surefire13794676762247271747\surefirebooter14319397148503011889.jar"/>
    <property name="user.script" value=""/>
    <property name="sun.management.compiler" value="HotSpot 64-Bit Tiered Compilers"/>
    <property name="java.runtime.version" value="16+36-2231"/>
    <property name="user.name" value="Dell"/>
    <property name="path.separator" value=";"/>
    <property name="os.version" value="10.0"/>
    <property name="java.runtime.name" value="Java(TM) SE Runtime Environment"/>
    <property name="file.encoding" value="Cp1250"/>
    <property name="java.vm.name" value="Java HotSpot(TM) 64-Bit Server VM"/>
    <property name="localRepository" value="C:\Users\Dell\.m2\repository"/>
    <property name="java.vendor.url.bug" value="https://bugreport.java.com/bugreport/"/>
    <property name="java.io.tmpdir" value="C:\Users\Dell\AppData\Local\Temp\"/>
    <property name="java.version" value="16"/>
    <property name="user.dir" value="C:\KMPROGRAMS\PRAKTYKA\multimodule-cars-app\ui"/>
    <property name="os.arch" value="amd64"/>
    <property name="java.vm.specification.name" value="Java Virtual Machine Specification"/>
    <property name="sun.os.patch.level" value=""/>
    <property name="java.library.path" value="C:\jdk16\bin;C:\WINDOWS\Sun\Java\bin;C:\WINDOWS\system32;C:\WINDOWS;C:\Program Files\Common Files\Oracle\Java\javapath;C:\jdk16\bin;C:\WINDOWS\system32;C:\WINDOWS;C:\WINDOWS\System32\Wbem;C:\WINDOWS\System32\WindowsPowerShell\v1.0\;C:\WINDOWS\System32\OpenSSH\;C:\Maven\bin;C:\Program Files\Git\cmd;C:\Program Files\Docker\Docker\resources\bin;C:\ProgramData\DockerDesktop\version-bin;C:\nodejs\;C:\ProgramData\chocolatey\bin;C:\Program Files\MySQL\MySQL Shell 8.0\bin\;?C:\Java\bin\;C:\Users\Dell\AppData\Local\Microsoft\WindowsApps;C:\Users\Dell\AppData\Roaming\npm;."/>
    <property name="java.vm.info" value="mixed mode, sharing"/>
    <property name="java.vendor" value="Oracle Corporation"/>
    <property name="java.vm.version" value="16+36-2231"/>
    <property name="sun.io.unicode.encoding" value="UnicodeLittle"/>
    <property name="java.class.version" value="60.0"/>
  </properties>
  <testcase name="findCarsWithPriceInRangeTest1" classname="com.app.service.CarsServiceTest" time="0.005"/>
  <testcase name="findCarsWithPriceInRangeTest2" classname="com.app.service.CarsServiceTest" time="0.004"/>
  <testcase name="findCarsWithPriceInRangeTest3" classname="com.app.service.CarsServiceTest" time="0.002"/>
  <testcase name="findCarsWithPriceInRangeTest4" classname="com.app.service.CarsServiceTest" time="0.003"/>
  <testcase name="carsWithSortedComponentsTest" classname="com.app.service.CarsServiceTest" time="0.001"/>
  <testcase name="findCarsWithMileageGreaterThanTest1" classname="com.app.service.CarsServiceTest" time="0.002"/>
  <testcase name="findCarsWithMileageGreaterThanTest2" classname="com.app.service.CarsServiceTest" time="0.002"/>
  <testcase name="sortTest1" classname="com.app.service.CarsServiceTest" time="0.001"/>
  <testcase name="sortTest2" classname="com.app.service.CarsServiceTest" time="0.003"/>
  <testcase name="sortTest3" classname="com.app.service.CarsServiceTest" time="0.002"/>
  <testcase name="sortTest4" classname="com.app.service.CarsServiceTest" time="0.001"/>
  <testcase name="sortTest5" classname="com.app.service.CarsServiceTest" time="0.001"/>
  <testcase name="sortTest6" classname="com.app.service.CarsServiceTest" time="0.001"/>
  <testcase name="groupByComponentTest" classname="com.app.service.CarsServiceTest" time="0.015"/>
</testsuite>